# JRE version: OpenJDK Runtime Environment (8.0_152-b01) (build 1.8.0_152-release-915-b01)
# Java VM: OpenJDK 64-Bit Server VM (25.152-b01 mixed mode windows-amd64 compressed oops)
Heap:
 PSYoungGen      total 186368K, used 66598K [0x00000000e0000000, 0x00000000eed80000, 0x0000000100000000)
  eden space 165888K, 27% used [0x00000000e0000000,0x00000000e2d0bdb0,0x00000000ea200000)
  from space 20480K, 99% used [0x00000000ea200000,0x00000000eb5fdd10,0x00000000eb600000)
  to   space 24064K, 0% used [0x00000000ed600000,0x00000000ed600000,0x00000000eed80000)
 ParOldGen       total 154112K, used 37123K [0x00000000a0000000, 0x00000000a9680000, 0x00000000e0000000)
  object space 154112K, 24% used [0x00000000a0000000,0x00000000a2440f60,0x00000000a9680000)
 Metaspace       used 66264K, capacity 68556K, committed 68824K, reserved 1107968K
  class space    used 8827K, capacity 9377K, committed 9472K, reserved 1048576K
GC Heap History (10 events):
Event: 11.842 GC heap before
{Heap before GC invocations=10 (full 2):
 PSYoungGen      total 108032K, used 97280K [0x00000000e0000000, 0x00000000ea480000, 0x0000000100000000)
  eden space 97280K, 100% used [0x00000000e0000000,0x00000000e5f00000,0x00000000e5f00000)
  from space 10752K, 0% used [0x00000000e5f00000,0x00000000e5f00000,0x00000000e6980000)
  to   space 11776K, 0% used [0x00000000e9900000,0x00000000e9900000,0x00000000ea480000)
 ParOldGen       total 100352K, used 15779K [0x00000000a0000000, 0x00000000a6200000, 0x00000000e0000000)
  object space 100352K, 15% used [0x00000000a0000000,0x00000000a0f68d28,0x00000000a6200000)
 Metaspace       used 41035K, capacity 41820K, committed 42072K, reserved 1085440K
  class space    used 5458K, capacity 5718K, committed 5760K, reserved 1048576K
Event: 11.864 GC heap after
Heap after GC invocations=10 (full 2):
 PSYoungGen      total 147456K, used 10642K [0x00000000e0000000, 0x00000000ea380000, 0x0000000100000000)
  eden space 136704K, 0% used [0x00000000e0000000,0x00000000e0000000,0x00000000e8580000)
  from space 10752K, 98% used [0x00000000e9900000,0x00000000ea3648b0,0x00000000ea380000)
  to   space 12800K, 0% used [0x00000000e8a80000,0x00000000e8a80000,0x00000000e9700000)
 ParOldGen       total 100352K, used 15787K [0x00000000a0000000, 0x00000000a6200000, 0x00000000e0000000)
  object space 100352K, 15% used [0x00000000a0000000,0x00000000a0f6ad28,0x00000000a6200000)
 Metaspace       used 41035K, capacity 41820K, committed 42072K, reserved 1085440K
  class space    used 5458K, capacity 5718K, committed 5760K, reserved 1048576K
}
Event: 17.671 GC heap before
{Heap before GC invocations=11 (full 2):
 PSYoungGen      total 147456K, used 147346K [0x00000000e0000000, 0x00000000ea380000, 0x0000000100000000)
  eden space 136704K, 100% used [0x00000000e0000000,0x00000000e8580000,0x00000000e8580000)
  from space 10752K, 98% used [0x00000000e9900000,0x00000000ea3648b0,0x00000000ea380000)
  to   space 12800K, 0% used [0x00000000e8a80000,0x00000000e8a80000,0x00000000e9700000)
 ParOldGen       total 100352K, used 15787K [0x00000000a0000000, 0x00000000a6200000, 0x00000000e0000000)
  object space 100352K, 15% used [0x00000000a0000000,0x00000000a0f6ad28,0x00000000a6200000)
 Metaspace       used 51160K, capacity 52804K, committed 52952K, reserved 1095680K
  class space    used 6905K, capacity 7331K, committed 7424K, reserved 1048576K
Event: 17.737 GC heap after
Heap after GC invocations=11 (full 2):
 PSYoungGen      total 154624K, used 12770K [0x00000000e0000000, 0x00000000ec600000, 0x0000000100000000)
  eden space 141824K, 0% used [0x00000000e0000000,0x00000000e0000000,0x00000000e8a80000)
  from space 12800K, 99% used [0x00000000e8a80000,0x00000000e96f8840,0x00000000e9700000)
  to   space 16384K, 0% used [0x00000000eb600000,0x00000000eb600000,0x00000000ec600000)
 ParOldGen       total 100352K, used 21502K [0x00000000a0000000, 0x00000000a6200000, 0x00000000e0000000)
  object space 100352K, 21% used [0x00000000a0000000,0x00000000a14ff888,0x00000000a6200000)
 Metaspace       used 51160K, capacity 52804K, committed 52952K, reserved 1095680K
  class space    used 6905K, capacity 7331K, committed 7424K, reserved 1048576K
}
Event: 28.391 GC heap before
{Heap before GC invocations=12 (full 2):
 PSYoungGen      total 154624K, used 121386K [0x00000000e0000000, 0x00000000ec600000, 0x0000000100000000)
  eden space 141824K, 76% used [0x00000000e0000000,0x00000000e6a121c0,0x00000000e8a80000)
  from space 12800K, 99% used [0x00000000e8a80000,0x00000000e96f8840,0x00000000e9700000)
  to   space 16384K, 0% used [0x00000000eb600000,0x00000000eb600000,0x00000000ec600000)
 ParOldGen       total 100352K, used 21502K [0x00000000a0000000, 0x00000000a6200000, 0x00000000e0000000)
  object space 100352K, 21% used [0x00000000a0000000,0x00000000a14ff888,0x00000000a6200000)
 Metaspace       used 57082K, capacity 58924K, committed 59028K, reserved 1099776K
  class space    used 7716K, capacity 8161K, committed 8192K, reserved 1048576K
Event: 28.462 GC heap after
Heap after GC invocations=12 (full 2):
 PSYoungGen      total 182272K, used 16382K [0x00000000e0000000, 0x00000000ed180000, 0x0000000100000000)
  eden space 165888K, 0% used [0x00000000e0000000,0x00000000e0000000,0x00000000ea200000)
  from space 16384K, 99% used [0x00000000eb600000,0x00000000ec5ffa20,0x00000000ec600000)
  to   space 20480K, 0% used [0x00000000ea200000,0x00000000ea200000,0x00000000eb600000)
 ParOldGen       total 100352K, used 26903K [0x00000000a0000000, 0x00000000a6200000, 0x00000000e0000000)
  object space 100352K, 26% used [0x00000000a0000000,0x00000000a1a45df8,0x00000000a6200000)
 Metaspace       used 57082K, capacity 58924K, committed 59028K, reserved 1099776K
  class space    used 7716K, capacity 8161K, committed 8192K, reserved 1048576K
}
Event: 28.462 GC heap before
{Heap before GC invocations=13 (full 3):
 PSYoungGen      total 182272K, used 16382K [0x00000000e0000000, 0x00000000ed180000, 0x0000000100000000)
  eden space 165888K, 0% used [0x00000000e0000000,0x00000000e0000000,0x00000000ea200000)
  from space 16384K, 99% used [0x00000000eb600000,0x00000000ec5ffa20,0x00000000ec600000)
  to   space 20480K, 0% used [0x00000000ea200000,0x00000000ea200000,0x00000000eb600000)
 ParOldGen       total 100352K, used 26903K [0x00000000a0000000, 0x00000000a6200000, 0x00000000e0000000)
  object space 100352K, 26% used [0x00000000a0000000,0x00000000a1a45df8,0x00000000a6200000)
 Metaspace       used 57082K, capacity 58924K, committed 59028K, reserved 1099776K
  class space    used 7716K, capacity 8161K, committed 8192K, reserved 1048576K
Event: 29.058 GC heap after
Heap after GC invocations=13 (full 3):
 PSYoungGen      total 182272K, used 0K [0x00000000e0000000, 0x00000000ed180000, 0x0000000100000000)
  eden space 165888K, 0% used [0x00000000e0000000,0x00000000e0000000,0x00000000ea200000)
  from space 16384K, 0% used [0x00000000eb600000,0x00000000eb600000,0x00000000ec600000)
  to   space 20480K, 0% used [0x00000000ea200000,0x00000000ea200000,0x00000000eb600000)
 ParOldGen       total 154112K, used 34663K [0x00000000a0000000, 0x00000000a9680000, 0x00000000e0000000)
  object space 154112K, 22% used [0x00000000a0000000,0x00000000a21d9f80,0x00000000a9680000)
 Metaspace       used 57082K, capacity 58924K, committed 59028K, reserved 1099776K
  class space    used 7716K, capacity 8161K, committed 8192K, reserved 1048576K
}
Event: 39.210 GC heap before
{Heap before GC invocations=14 (full 3):
 PSYoungGen      total 182272K, used 165634K [0x00000000e0000000, 0x00000000ed180000, 0x0000000100000000)
  eden space 165888K, 99% used [0x00000000e0000000,0x00000000ea1c0b88,0x00000000ea200000)
  from space 16384K, 0% used [0x00000000eb600000,0x00000000eb600000,0x00000000ec600000)
  to   space 20480K, 0% used [0x00000000ea200000,0x00000000ea200000,0x00000000eb600000)
 ParOldGen       total 154112K, used 34663K [0x00000000a0000000, 0x00000000a9680000, 0x00000000e0000000)
  object space 154112K, 22% used [0x00000000a0000000,0x00000000a21d9f80,0x00000000a9680000)
 Metaspace       used 64971K, capacity 67108K, committed 67160K, reserved 1107968K
  class space    used 8598K, capacity 9079K, committed 9088K, reserved 1048576K
Event: 39.258 GC heap after
Heap after GC invocations=14 (full 3):
 PSYoungGen      total 186368K, used 20471K [0x00000000e0000000, 0x00000000eed80000, 0x0000000100000000)
  eden space 165888K, 0% used [0x00000000e0000000,0x00000000e0000000,0x00000000ea200000)
  from space 20480K, 99% used [0x00000000ea200000,0x00000000eb5fdd10,0x00000000eb600000)
  to   space 24064K, 0% used [0x00000000ed600000,0x00000000ed600000,0x00000000eed80000)
 ParOldGen       total 154112K, used 37123K [0x00000000a0000000, 0x00000000a9680000, 0x00000000e0000000)
  object space 154112K, 24% used [0x00000000a0000000,0x00000000a2440f60,0x00000000a9680000)
 Metaspace       used 64971K, capacity 67108K, committed 67160K, reserved 1107968K
  class space    used 8598K, capacity 9079K, committed 9088K, reserved 1048576K
}

